<?xml version="1.0" encoding="UTF-8"?>
<dataset>
    <emp_details id="1" first_name="Jenny" email="jenny@myemail.com" />
    <emp_details id="2" first_name="Elaine" email="elaine@myemail.com" />
    <emp_details id="3" first_name="Susan" email="susan@myemail.com" />
    <emp_details id="4" first_name="Bernard" email="bernard@myemail.com" />
</dataset>